<?xml version="1.0" encoding="UTF-8"?>
<testng-results skipped="0" failed="0" total="1" passed="1">
  <reporter-output>
  </reporter-output>
  <suite name="Default suite" duration-ms="18070" started-at="2018-04-19T11:21:19Z" finished-at="2018-04-19T11:21:37Z">
    <groups>
    </groups>
    <test name="Default test" duration-ms="18070" started-at="2018-04-19T11:21:19Z" finished-at="2018-04-19T11:21:37Z">
      <class name="CheckboxAndRadiobtn">
        <test-method status="PASS" signature="BoxandRadio()[pri:0, instance:CheckboxAndRadiobtn@396a51ab]" name="BoxandRadio" duration-ms="18059" started-at="2018-04-19T16:51:19Z" finished-at="2018-04-19T16:51:37Z">
          <reporter-output>
          </reporter-output>
        </test-method> <!-- BoxandRadio -->
      </class> <!-- CheckboxAndRadiobtn -->
    </test> <!-- Default test -->
  </suite> <!-- Default suite -->
</testng-results>
